****************************************************************************************************
FoxBin2Prg INIT  -  2021-03-19T21:16:08
****************************************************************************************************
FoxBin2Prg: [H:\WORK\UTIL\THOR\THOR\TOOLS\COMPONENTS\FOXBIN2PRG\FOXBIN2PRG.FXP] (EXE Version: v1.19.51, FoxPro Version: 09.00.0000.7423)
- Internal CFG:  / External CFG:  / CodePage Used: 1252)

> READING CFG VALUES FROM DISK:
	Using configuration file: H:\WORK\UTIL\THOR\THOR\TOOLS\COMPONENTS\FOXBIN2PRG\FOXBIN2PRG.CFG
	FOXBIN2PRG.CFG > tcDontShowErrors:           0
	FOXBIN2PRG.CFG > tcDebug:                    1

****************************************************************************************************
MAIN EXECUTION  2021-03-19T21:16:08
****************************************************************************************************
> EXTERNAL PARAMETERS:
	tc_InputFile:                 H:\WORK\REPOS\GOFISH\SOURCE\GOFISH5.PJX
	tcType:                       *
	tcTextName:                   (empty)
	tlGenText:                    (empty)
	tcDontShowErrors:             (empty)  -> Will use Default [.T.]
	tcDebug:                      (empty)  -> Will use Default [1]
	tcDontShowProgress:           (empty)  -> Will use Default [1]
	tlRelanzarError:              (empty)
	tcOriginalFileName:           (empty)  -> Will use Default []
	tcRecompile:                  H:\WORK\REPOS\GOFISH\SOURCE
	tcNoTimestamps:               (empty)  -> Will use Default [.T.]
	tcBackupLevels:               (empty)  -> Will use Default [1]
	tcClearUniqueID:              (empty)  -> Will use Default [.T.]
	tcOptimizeByFilestamp:        (empty)  -> Will use Default [0]

> CACHING CONFIG FOR DIRECTORY: H:\
	- Inheriting from: H:\WORK\UTIL\THOR\THOR\TOOLS\COMPONENTS\FOXBIN2PRG\FOXBIN2PRG.CFG
> CACHING CONFIG FOR DIRECTORY: H:\WORK
	- Inheriting from: H:\WORK\UTIL\THOR\THOR\TOOLS\COMPONENTS\FOXBIN2PRG\FOXBIN2PRG.CFG
> CACHING CONFIG FOR DIRECTORY: H:\WORK\REPOS
	- Inheriting from: H:\WORK\UTIL\THOR\THOR\TOOLS\COMPONENTS\FOXBIN2PRG\FOXBIN2PRG.CFG
> CACHING CONFIG FOR DIRECTORY: H:\WORK\REPOS\GOFISH
	- Inheriting from: H:\WORK\UTIL\THOR\THOR\TOOLS\COMPONENTS\FOXBIN2PRG\FOXBIN2PRG.CFG
> CACHING CONFIG FOR DIRECTORY: H:\WORK\REPOS\GOFISH\SOURCE
	- Inheriting from: H:\WORK\UTIL\THOR\THOR\TOOLS\COMPONENTS\FOXBIN2PRG\FOXBIN2PRG.CFG
> USING THIS SETTINGS:
	n_CFG_Actual:                 6 [SECONDARY]
	l_CFG_CachedAccess:           .T.
	tc_InputFile:                 H:\WORK\REPOS\GOFISH\SOURCE\GOFISH5.PJX
	c_Foxbin2prg_ConfigFile:      H:\WORK\UTIL\THOR\THOR\TOOLS\COMPONENTS\FOXBIN2PRG\FOXBIN2PRG.CFG
	n_ShowProgressbar:            1
	l_ShowErrors:                 .T.
	l_Recompile:                  .T. (H:\WORK\REPOS\GOFISH\SOURCE)
	l_NoTimestamps:               .T.
	l_ClearUniqueID:              .T.
	n_UseClassPerFile:            0
	l_ClassPerFileCheck:          .F.
	l_RedirectClassPerFileToMain: .F.
	n_RedirectClassType:          0
	n_Debug:                      1
	n_ExtraBackupLevels:          1
	c_BackgroundImage:            H:\WORK\UTIL\THOR\THOR\TOOLS\COMPONENTS\FOXBIN2PRG\foxbin2prg.jpg
	n_OptimizeByFilestamp:        0
	n_ExcludeDBFAutoincNextval:   0
	l_RemoveNullCharsFromCode:    .T.
	l_RemoveZOrderSetFromProps:   .F.
	l_ClearDBFLastUpdate:         .T.
	c_Language:                   EN

> Convert all files in a Project: Binary to Text
****************************************************************************************************
CONVERSION PROCESS  2021-03-19T21:16:09
****************************************************************************************************
> USING THIS SETTINGS: H:\WORK\UTIL\THOR\THOR\TOOLS\COMPONENTS\FOXBIN2PRG\FOXBIN2PRG.CFG  => H:\Work\Repos\GoFish\Source\GoFish5.pjx
	c_OriginalFileName:           H:\Work\Repos\GoFish\Source\GoFish5.pjx

	* Names capitalization program [H:\WORK\UTIL\THOR\THOR\TOOLS\COMPONENTS\FOXBIN2PRG\filename_caps.exe] found
	c_foxbin2prg.changefileattribute >> [H:\Work\Repos\GoFish\Source\GoFish5.PJ2] lnRet = 1, dwFileAttributes_Orig = 32

	Converting file H:\Work\Repos\GoFish\Source\GoFish5.PJ2...
		* Optimization: output file [H:\Work\Repos\GoFish\Source\GoFish5.PJ2] was not overwritten because it is the same as the existing one.


****************************************************************************************************
CONVERSION PROCESS  2021-03-19T21:16:10
****************************************************************************************************
> USING THIS SETTINGS: H:\WORK\UTIL\THOR\THOR\TOOLS\COMPONENTS\FOXBIN2PRG\FOXBIN2PRG.CFG  => H:\
> USING THIS SETTINGS: H:\WORK\UTIL\THOR\THOR\TOOLS\COMPONENTS\FOXBIN2PRG\FOXBIN2PRG.CFG  => H:\WORK
> USING THIS SETTINGS: H:\WORK\UTIL\THOR\THOR\TOOLS\COMPONENTS\FOXBIN2PRG\FOXBIN2PRG.CFG  => H:\WORK\REPOS
> USING THIS SETTINGS: H:\WORK\UTIL\THOR\THOR\TOOLS\COMPONENTS\FOXBIN2PRG\FOXBIN2PRG.CFG  => H:\WORK\REPOS\GOFISH
> USING THIS SETTINGS: H:\WORK\UTIL\THOR\THOR\TOOLS\COMPONENTS\FOXBIN2PRG\FOXBIN2PRG.CFG  => H:\WORK\REPOS\GOFISH\SOURCE
> CACHING CONFIG FOR DIRECTORY: H:\WORK\REPOS\GOFISH\SOURCE\FORMS
	- Inheriting from: H:\WORK\UTIL\THOR\THOR\TOOLS\COMPONENTS\FOXBIN2PRG\FOXBIN2PRG.CFG
> USING THIS SETTINGS:
	n_CFG_Actual:                 7 [SECONDARY]
	l_CFG_CachedAccess:           .T.
	tc_InputFile:                 H:\Work\Repos\GoFish\Source\Forms\gofish_results.scx
	c_Foxbin2prg_ConfigFile:      H:\WORK\UTIL\THOR\THOR\TOOLS\COMPONENTS\FOXBIN2PRG\FOXBIN2PRG.CFG
	n_ShowProgressbar:            1
	l_ShowErrors:                 .T.
	l_Recompile:                  .T. (H:\WORK\REPOS\GOFISH\SOURCE)
	l_NoTimestamps:               .T.
	l_ClearUniqueID:              .T.
	n_UseClassPerFile:            0
	l_ClassPerFileCheck:          .F.
	l_RedirectClassPerFileToMain: .F.
	n_RedirectClassType:          0
	n_Debug:                      1
	n_ExtraBackupLevels:          1
	c_BackgroundImage:            H:\WORK\UTIL\THOR\THOR\TOOLS\COMPONENTS\FOXBIN2PRG\foxbin2prg.jpg
	n_OptimizeByFilestamp:        0
	n_ExcludeDBFAutoincNextval:   0
	l_RemoveNullCharsFromCode:    .T.
	l_RemoveZOrderSetFromProps:   .F.
	l_ClearDBFLastUpdate:         .T.
	c_Language:                   EN

	c_OriginalFileName:           H:\Work\Repos\GoFish\Source\Forms\gofish_results.scx

	c_foxbin2prg.changefileattribute >> [H:\Work\Repos\GoFish\Source\Forms\gofish_results.SC2] lnRet = 0, dwFileAttributes_Orig = -1

	Converting file H:\Work\Repos\GoFish\Source\Forms\gofish_results.SC2...
		- File: H:\Work\Repos\GoFish\Source\Forms\gofish_results.SC2 (239.62/239.62 KiB)


****************************************************************************************************
CONVERSION PROCESS  2021-03-19T21:16:10
****************************************************************************************************
> USING THIS SETTINGS: H:\WORK\UTIL\THOR\THOR\TOOLS\COMPONENTS\FOXBIN2PRG\FOXBIN2PRG.CFG  => H:\Work\Repos\GoFish\Source\Forms\gofish_filter.scx
	c_OriginalFileName:           H:\Work\Repos\GoFish\Source\Forms\gofish_filter.scx

	c_foxbin2prg.changefileattribute >> [H:\Work\Repos\GoFish\Source\Forms\gofish_filter.SC2] lnRet = 0, dwFileAttributes_Orig = -1

	Converting file H:\Work\Repos\GoFish\Source\Forms\gofish_filter.SC2...
		- File: H:\Work\Repos\GoFish\Source\Forms\gofish_filter.SC2 (11.79/11.79 KiB)


****************************************************************************************************
CONVERSION PROCESS  2021-03-19T21:16:10
****************************************************************************************************
> USING THIS SETTINGS: H:\WORK\UTIL\THOR\THOR\TOOLS\COMPONENTS\FOXBIN2PRG\FOXBIN2PRG.CFG  => H:\
> USING THIS SETTINGS: H:\WORK\UTIL\THOR\THOR\TOOLS\COMPONENTS\FOXBIN2PRG\FOXBIN2PRG.CFG  => H:\WORK
> USING THIS SETTINGS: H:\WORK\UTIL\THOR\THOR\TOOLS\COMPONENTS\FOXBIN2PRG\FOXBIN2PRG.CFG  => H:\WORK\REPOS
> USING THIS SETTINGS: H:\WORK\UTIL\THOR\THOR\TOOLS\COMPONENTS\FOXBIN2PRG\FOXBIN2PRG.CFG  => H:\WORK\REPOS\GOFISH
> USING THIS SETTINGS: H:\WORK\UTIL\THOR\THOR\TOOLS\COMPONENTS\FOXBIN2PRG\FOXBIN2PRG.CFG  => H:\WORK\REPOS\GOFISH\SOURCE
> CACHING CONFIG FOR DIRECTORY: H:\WORK\REPOS\GOFISH\SOURCE\LIB
	- Inheriting from: H:\WORK\UTIL\THOR\THOR\TOOLS\COMPONENTS\FOXBIN2PRG\FOXBIN2PRG.CFG
> USING THIS SETTINGS:
	n_CFG_Actual:                 8 [SECONDARY]
	l_CFG_CachedAccess:           .T.
	tc_InputFile:                 H:\Work\Repos\GoFish\Source\Lib\gofishui.vcx
	c_Foxbin2prg_ConfigFile:      H:\WORK\UTIL\THOR\THOR\TOOLS\COMPONENTS\FOXBIN2PRG\FOXBIN2PRG.CFG
	n_ShowProgressbar:            1
	l_ShowErrors:                 .T.
	l_Recompile:                  .T. (H:\WORK\REPOS\GOFISH\SOURCE)
	l_NoTimestamps:               .T.
	l_ClearUniqueID:              .T.
	n_UseClassPerFile:            0
	l_ClassPerFileCheck:          .F.
	l_RedirectClassPerFileToMain: .F.
	n_RedirectClassType:          0
	n_Debug:                      1
	n_ExtraBackupLevels:          1
	c_BackgroundImage:            H:\WORK\UTIL\THOR\THOR\TOOLS\COMPONENTS\FOXBIN2PRG\foxbin2prg.jpg
	n_OptimizeByFilestamp:        0
	n_ExcludeDBFAutoincNextval:   0
	l_RemoveNullCharsFromCode:    .T.
	l_RemoveZOrderSetFromProps:   .F.
	l_ClearDBFLastUpdate:         .T.
	c_Language:                   EN

	c_OriginalFileName:           H:\Work\Repos\GoFish\Source\Lib\gofishui.vcx

	c_foxbin2prg.changefileattribute >> [H:\Work\Repos\GoFish\Source\Lib\gofishui.VC2] lnRet = 0, dwFileAttributes_Orig = -1

	Converting file H:\Work\Repos\GoFish\Source\Lib\gofishui.VC2...
		- File: H:\Work\Repos\GoFish\Source\Lib\gofishui.VC2 (91.37/91.37 KiB)


****************************************************************************************************
CONVERSION PROCESS  2021-03-19T21:16:11
****************************************************************************************************
> USING THIS SETTINGS: H:\WORK\UTIL\THOR\THOR\TOOLS\COMPONENTS\FOXBIN2PRG\FOXBIN2PRG.CFG  => H:\Work\Repos\GoFish\Source\Lib\gf_peme_basetools.vcx
	c_OriginalFileName:           H:\Work\Repos\GoFish\Source\Lib\gf_peme_basetools.vcx

	c_foxbin2prg.changefileattribute >> [H:\Work\Repos\GoFish\Source\Lib\gf_peme_basetools.VC2] lnRet = 0, dwFileAttributes_Orig = -1

	Converting file H:\Work\Repos\GoFish\Source\Lib\gf_peme_basetools.VC2...
		- File: H:\Work\Repos\GoFish\Source\Lib\gf_peme_basetools.VC2 (19.77/19.77 KiB)


****************************************************************************************************
CONVERSION PROCESS  2021-03-19T21:16:11
****************************************************************************************************
> USING THIS SETTINGS: H:\WORK\UTIL\THOR\THOR\TOOLS\COMPONENTS\FOXBIN2PRG\FOXBIN2PRG.CFG  => H:\Work\Repos\GoFish\Source\Lib\sfsplitter.vcx
	c_OriginalFileName:           H:\Work\Repos\GoFish\Source\Lib\sfsplitter.vcx

	c_foxbin2prg.changefileattribute >> [H:\Work\Repos\GoFish\Source\Lib\sfsplitter.VC2] lnRet = 0, dwFileAttributes_Orig = -1

	Converting file H:\Work\Repos\GoFish\Source\Lib\sfsplitter.VC2...
		- File: H:\Work\Repos\GoFish\Source\Lib\sfsplitter.VC2 (24.98/24.98 KiB)


****************************************************************************************************
CONVERSION PROCESS  2021-03-19T21:16:11
****************************************************************************************************
> USING THIS SETTINGS: H:\WORK\UTIL\THOR\THOR\TOOLS\COMPONENTS\FOXBIN2PRG\FOXBIN2PRG.CFG  => H:\
> USING THIS SETTINGS: H:\WORK\UTIL\THOR\THOR\TOOLS\COMPONENTS\FOXBIN2PRG\FOXBIN2PRG.CFG  => H:\WORK
> USING THIS SETTINGS: H:\WORK\UTIL\THOR\THOR\TOOLS\COMPONENTS\FOXBIN2PRG\FOXBIN2PRG.CFG  => H:\WORK\REPOS
> USING THIS SETTINGS: H:\WORK\UTIL\THOR\THOR\TOOLS\COMPONENTS\FOXBIN2PRG\FOXBIN2PRG.CFG  => H:\WORK\REPOS\GOFISH
> USING THIS SETTINGS: H:\WORK\UTIL\THOR\THOR\TOOLS\COMPONENTS\FOXBIN2PRG\FOXBIN2PRG.CFG  => H:\WORK\REPOS\GOFISH\SOURCE
> CACHING CONFIG FOR DIRECTORY: H:\WORK\REPOS\GOFISH\SOURCE\PRG
	- Inheriting from: H:\WORK\UTIL\THOR\THOR\TOOLS\COMPONENTS\FOXBIN2PRG\FOXBIN2PRG.CFG
> USING THIS SETTINGS:
	n_CFG_Actual:                 9 [SECONDARY]
	l_CFG_CachedAccess:           .T.
	tc_InputFile:                 H:\Work\Repos\GoFish\Source\Prg\words.DBF
	c_Foxbin2prg_ConfigFile:      H:\WORK\UTIL\THOR\THOR\TOOLS\COMPONENTS\FOXBIN2PRG\FOXBIN2PRG.CFG
	n_ShowProgressbar:            1
	l_ShowErrors:                 .T.
	l_Recompile:                  .T. (H:\WORK\REPOS\GOFISH\SOURCE)
	l_NoTimestamps:               .T.
	l_ClearUniqueID:              .T.
	n_UseClassPerFile:            0
	l_ClassPerFileCheck:          .F.
	l_RedirectClassPerFileToMain: .F.
	n_RedirectClassType:          0
	n_Debug:                      1
	n_ExtraBackupLevels:          1
	c_BackgroundImage:            H:\WORK\UTIL\THOR\THOR\TOOLS\COMPONENTS\FOXBIN2PRG\foxbin2prg.jpg
	n_OptimizeByFilestamp:        0
	n_ExcludeDBFAutoincNextval:   0
	l_RemoveNullCharsFromCode:    .T.
	l_RemoveZOrderSetFromProps:   .F.
	l_ClearDBFLastUpdate:         .T.
	c_Language:                   EN

	c_OriginalFileName:           H:\Work\Repos\GoFish\Source\Prg\words.DBF

	c_foxbin2prg.changefileattribute >> [H:\Work\Repos\GoFish\Source\Prg\words.DB2] lnRet = 0, dwFileAttributes_Orig = -1
	c_foxbin2prg.changefileattribute >> [H:\Work\Repos\GoFish\Source\Prg\words.DB2.TMP] lnRet = 1, dwFileAttributes_Orig = 32
	c_foxbin2prg.changefileattribute >> [H:\Work\Repos\GoFish\Source\Prg\words.DB2] lnRet = 0, dwFileAttributes_Orig = -1

	Converting file H:\Work\Repos\GoFish\Source\Prg\words.DB2...


****************************************************************************************************
CONVERSION PROCESS  2021-03-19T21:16:11
****************************************************************************************************
> USING THIS SETTINGS: H:\WORK\UTIL\THOR\THOR\TOOLS\COMPONENTS\FOXBIN2PRG\FOXBIN2PRG.CFG  => H:\
> USING THIS SETTINGS: H:\WORK\UTIL\THOR\THOR\TOOLS\COMPONENTS\FOXBIN2PRG\FOXBIN2PRG.CFG  => H:\WORK
> USING THIS SETTINGS: H:\WORK\UTIL\THOR\THOR\TOOLS\COMPONENTS\FOXBIN2PRG\FOXBIN2PRG.CFG  => H:\WORK\REPOS
> USING THIS SETTINGS: H:\WORK\UTIL\THOR\THOR\TOOLS\COMPONENTS\FOXBIN2PRG\FOXBIN2PRG.CFG  => H:\WORK\REPOS\GOFISH
> USING THIS SETTINGS: H:\WORK\UTIL\THOR\THOR\TOOLS\COMPONENTS\FOXBIN2PRG\FOXBIN2PRG.CFG  => H:\WORK\REPOS\GOFISH\SOURCE
> USING THIS SETTINGS: H:\WORK\UTIL\THOR\THOR\TOOLS\COMPONENTS\FOXBIN2PRG\FOXBIN2PRG.CFG  => H:\WORK\REPOS\GOFISH\SOURCE\LIB
> CACHING CONFIG FOR DIRECTORY: H:\WORK\REPOS\GOFISH\SOURCE\LIB\VFP
	- Inheriting from: H:\WORK\UTIL\THOR\THOR\TOOLS\COMPONENTS\FOXBIN2PRG\FOXBIN2PRG.CFG
> CACHING CONFIG FOR DIRECTORY: H:\WORK\REPOS\GOFISH\SOURCE\LIB\VFP\MY
	- Inheriting from: H:\WORK\UTIL\THOR\THOR\TOOLS\COMPONENTS\FOXBIN2PRG\FOXBIN2PRG.CFG
> USING THIS SETTINGS:
	n_CFG_Actual:                 11 [SECONDARY]
	l_CFG_CachedAccess:           .T.
	tc_InputFile:                 H:\Work\Repos\GoFish\Source\Lib\VFP\My\my.DBF
	c_Foxbin2prg_ConfigFile:      H:\WORK\UTIL\THOR\THOR\TOOLS\COMPONENTS\FOXBIN2PRG\FOXBIN2PRG.CFG
	n_ShowProgressbar:            1
	l_ShowErrors:                 .T.
	l_Recompile:                  .T. (H:\WORK\REPOS\GOFISH\SOURCE)
	l_NoTimestamps:               .T.
	l_ClearUniqueID:              .T.
	n_UseClassPerFile:            0
	l_ClassPerFileCheck:          .F.
	l_RedirectClassPerFileToMain: .F.
	n_RedirectClassType:          0
	n_Debug:                      1
	n_ExtraBackupLevels:          1
	c_BackgroundImage:            H:\WORK\UTIL\THOR\THOR\TOOLS\COMPONENTS\FOXBIN2PRG\foxbin2prg.jpg
	n_OptimizeByFilestamp:        0
	n_ExcludeDBFAutoincNextval:   0
	l_RemoveNullCharsFromCode:    .T.
	l_RemoveZOrderSetFromProps:   .F.
	l_ClearDBFLastUpdate:         .T.
	c_Language:                   EN

	c_OriginalFileName:           H:\Work\Repos\GoFish\Source\Lib\VFP\My\my.DBF

	c_foxbin2prg.changefileattribute >> [H:\Work\Repos\GoFish\Source\Lib\VFP\My\my.DB2] lnRet = 0, dwFileAttributes_Orig = -1
	c_foxbin2prg.changefileattribute >> [H:\Work\Repos\GoFish\Source\Lib\VFP\My\my.DB2.TMP] lnRet = 1, dwFileAttributes_Orig = 32
	c_foxbin2prg.changefileattribute >> [H:\Work\Repos\GoFish\Source\Lib\VFP\My\my.DB2] lnRet = 0, dwFileAttributes_Orig = -1

	Converting file H:\Work\Repos\GoFish\Source\Lib\VFP\My\my.DB2...


****************************************************************************************************
CONVERSION PROCESS  2021-03-19T21:16:12
****************************************************************************************************
> USING THIS SETTINGS: H:\WORK\UTIL\THOR\THOR\TOOLS\COMPONENTS\FOXBIN2PRG\FOXBIN2PRG.CFG  => H:\Work\Repos\GoFish\Source\Lib\gofishwebtools.vcx
	c_OriginalFileName:           H:\Work\Repos\GoFish\Source\Lib\gofishwebtools.vcx

	c_foxbin2prg.changefileattribute >> [H:\Work\Repos\GoFish\Source\Lib\gofishwebtools.VC2] lnRet = 0, dwFileAttributes_Orig = -1

	Converting file H:\Work\Repos\GoFish\Source\Lib\gofishwebtools.VC2...
		- File: H:\Work\Repos\GoFish\Source\Lib\gofishwebtools.VC2 (10.41/10.41 KiB)


****************************************************************************************************
CONVERSION PROCESS  2021-03-19T21:16:12
****************************************************************************************************
> USING THIS SETTINGS: H:\WORK\UTIL\THOR\THOR\TOOLS\COMPONENTS\FOXBIN2PRG\FOXBIN2PRG.CFG  => H:\Work\Repos\GoFish\Source\Forms\gofish_options.scx
	c_OriginalFileName:           H:\Work\Repos\GoFish\Source\Forms\gofish_options.scx

	c_foxbin2prg.changefileattribute >> [H:\Work\Repos\GoFish\Source\Forms\gofish_options.SC2] lnRet = 0, dwFileAttributes_Orig = -1

	Converting file H:\Work\Repos\GoFish\Source\Forms\gofish_options.SC2...
		- File: H:\Work\Repos\GoFish\Source\Forms\gofish_options.SC2 (50.66/50.66 KiB)


****************************************************************************************************
CONVERSION PROCESS  2021-03-19T21:16:12
****************************************************************************************************
> USING THIS SETTINGS: H:\WORK\UTIL\THOR\THOR\TOOLS\COMPONENTS\FOXBIN2PRG\FOXBIN2PRG.CFG  => H:\Work\Repos\GoFish\Source\Forms\gofish_advanced.scx
	c_OriginalFileName:           H:\Work\Repos\GoFish\Source\Forms\gofish_advanced.scx

	c_foxbin2prg.changefileattribute >> [H:\Work\Repos\GoFish\Source\Forms\gofish_advanced.SC2] lnRet = 0, dwFileAttributes_Orig = -1

	Converting file H:\Work\Repos\GoFish\Source\Forms\gofish_advanced.SC2...
		- File: H:\Work\Repos\GoFish\Source\Forms\gofish_advanced.SC2 (50.29/50.29 KiB)


****************************************************************************************************
CONVERSION PROCESS  2021-03-19T21:16:12
****************************************************************************************************
> USING THIS SETTINGS: H:\WORK\UTIL\THOR\THOR\TOOLS\COMPONENTS\FOXBIN2PRG\FOXBIN2PRG.CFG  => H:\Work\Repos\GoFish\Source\Forms\gofish_about.scx
	c_OriginalFileName:           H:\Work\Repos\GoFish\Source\Forms\gofish_about.scx

	c_foxbin2prg.changefileattribute >> [H:\Work\Repos\GoFish\Source\Forms\gofish_about.SC2] lnRet = 0, dwFileAttributes_Orig = -1

	Converting file H:\Work\Repos\GoFish\Source\Forms\gofish_about.SC2...
		- File: H:\Work\Repos\GoFish\Source\Forms\gofish_about.SC2 (7.50/7.50 KiB)


****************************************************************************************************
CONVERSION PROCESS  2021-03-19T21:16:12
****************************************************************************************************
> USING THIS SETTINGS: H:\WORK\UTIL\THOR\THOR\TOOLS\COMPONENTS\FOXBIN2PRG\FOXBIN2PRG.CFG  => H:\Work\Repos\GoFish\Source\Lib\gofishsearchengine.vcx
	c_OriginalFileName:           H:\Work\Repos\GoFish\Source\Lib\gofishsearchengine.vcx

	c_foxbin2prg.changefileattribute >> [H:\Work\Repos\GoFish\Source\Lib\gofishsearchengine.VC2] lnRet = 0, dwFileAttributes_Orig = -1

	Converting file H:\Work\Repos\GoFish\Source\Lib\gofishsearchengine.VC2...
		- File: H:\Work\Repos\GoFish\Source\Lib\gofishsearchengine.VC2 (161.74/161.74 KiB)


****************************************************************************************************
CONVERSION PROCESS  2021-03-19T21:16:12
****************************************************************************************************
> USING THIS SETTINGS: H:\WORK\UTIL\THOR\THOR\TOOLS\COMPONENTS\FOXBIN2PRG\FOXBIN2PRG.CFG  => H:\
> USING THIS SETTINGS: H:\WORK\UTIL\THOR\THOR\TOOLS\COMPONENTS\FOXBIN2PRG\FOXBIN2PRG.CFG  => H:\WORK
> USING THIS SETTINGS: H:\WORK\UTIL\THOR\THOR\TOOLS\COMPONENTS\FOXBIN2PRG\FOXBIN2PRG.CFG  => H:\WORK\REPOS
> USING THIS SETTINGS: H:\WORK\UTIL\THOR\THOR\TOOLS\COMPONENTS\FOXBIN2PRG\FOXBIN2PRG.CFG  => H:\WORK\REPOS\GOFISH
> USING THIS SETTINGS: H:\WORK\UTIL\THOR\THOR\TOOLS\COMPONENTS\FOXBIN2PRG\FOXBIN2PRG.CFG  => H:\WORK\REPOS\GOFISH\SOURCE
> USING THIS SETTINGS: H:\WORK\UTIL\THOR\THOR\TOOLS\COMPONENTS\FOXBIN2PRG\FOXBIN2PRG.CFG  => H:\WORK\REPOS\GOFISH\SOURCE\LIB
> USING THIS SETTINGS: H:\WORK\UTIL\THOR\THOR\TOOLS\COMPONENTS\FOXBIN2PRG\FOXBIN2PRG.CFG  => H:\WORK\REPOS\GOFISH\SOURCE\LIB\VFP
> CACHING CONFIG FOR DIRECTORY: H:\WORK\REPOS\GOFISH\SOURCE\LIB\VFP\FFC
	- Inheriting from: H:\WORK\UTIL\THOR\THOR\TOOLS\COMPONENTS\FOXBIN2PRG\FOXBIN2PRG.CFG
> USING THIS SETTINGS:
	n_CFG_Actual:                 12 [SECONDARY]
	l_CFG_CachedAccess:           .T.
	tc_InputFile:                 H:\Work\Repos\GoFish\Source\Lib\VFP\FFC\_base.vcx
	c_Foxbin2prg_ConfigFile:      H:\WORK\UTIL\THOR\THOR\TOOLS\COMPONENTS\FOXBIN2PRG\FOXBIN2PRG.CFG
	n_ShowProgressbar:            1
	l_ShowErrors:                 .T.
	l_Recompile:                  .T. (H:\WORK\REPOS\GOFISH\SOURCE)
	l_NoTimestamps:               .T.
	l_ClearUniqueID:              .T.
	n_UseClassPerFile:            0
	l_ClassPerFileCheck:          .F.
	l_RedirectClassPerFileToMain: .F.
	n_RedirectClassType:          0
	n_Debug:                      1
	n_ExtraBackupLevels:          1
	c_BackgroundImage:            H:\WORK\UTIL\THOR\THOR\TOOLS\COMPONENTS\FOXBIN2PRG\foxbin2prg.jpg
	n_OptimizeByFilestamp:        0
	n_ExcludeDBFAutoincNextval:   0
	l_RemoveNullCharsFromCode:    .T.
	l_RemoveZOrderSetFromProps:   .F.
	l_ClearDBFLastUpdate:         .T.
	c_Language:                   EN

	c_OriginalFileName:           H:\Work\Repos\GoFish\Source\Lib\VFP\FFC\_base.vcx

	c_foxbin2prg.changefileattribute >> [H:\Work\Repos\GoFish\Source\Lib\VFP\FFC\_base.VC2] lnRet = 0, dwFileAttributes_Orig = -1

	Converting file H:\Work\Repos\GoFish\Source\Lib\VFP\FFC\_base.VC2...
		- File: H:\Work\Repos\GoFish\Source\Lib\VFP\FFC\_base.VC2 (266.23/266.23 KiB)


****************************************************************************************************
CONVERSION PROCESS  2021-03-19T21:16:13
****************************************************************************************************
> USING THIS SETTINGS: H:\WORK\UTIL\THOR\THOR\TOOLS\COMPONENTS\FOXBIN2PRG\FOXBIN2PRG.CFG  => H:\Work\Repos\GoFish\Source\Lib\VFP\FFC\_environ.vcx
	c_OriginalFileName:           H:\Work\Repos\GoFish\Source\Lib\VFP\FFC\_environ.vcx

	c_foxbin2prg.changefileattribute >> [H:\Work\Repos\GoFish\Source\Lib\VFP\FFC\_environ.VC2] lnRet = 0, dwFileAttributes_Orig = -1

	Converting file H:\Work\Repos\GoFish\Source\Lib\VFP\FFC\_environ.VC2...
		- File: H:\Work\Repos\GoFish\Source\Lib\VFP\FFC\_environ.VC2 (22.29/22.29 KiB)


****************************************************************************************************
CONVERSION PROCESS  2021-03-19T21:16:13
****************************************************************************************************
> USING THIS SETTINGS: H:\WORK\UTIL\THOR\THOR\TOOLS\COMPONENTS\FOXBIN2PRG\FOXBIN2PRG.CFG  => H:\Work\Repos\GoFish\Source\Lib\VFP\My\my.vcx
	c_OriginalFileName:           H:\Work\Repos\GoFish\Source\Lib\VFP\My\my.vcx

	c_foxbin2prg.changefileattribute >> [H:\Work\Repos\GoFish\Source\Lib\VFP\My\my.VC2] lnRet = 0, dwFileAttributes_Orig = -1

	Converting file H:\Work\Repos\GoFish\Source\Lib\VFP\My\my.VC2...
		- File: H:\Work\Repos\GoFish\Source\Lib\VFP\My\my.VC2 (135.66/135.66 KiB)


****************************************************************************************************
CONVERSION PROCESS  2021-03-19T21:16:14
****************************************************************************************************
> USING THIS SETTINGS: H:\WORK\UTIL\THOR\THOR\TOOLS\COMPONENTS\FOXBIN2PRG\FOXBIN2PRG.CFG  => H:\Work\Repos\GoFish\Source\Forms\gofish_advaccedreplacehelp.scx
	c_OriginalFileName:           H:\Work\Repos\GoFish\Source\Forms\gofish_advaccedreplacehelp.scx

	c_foxbin2prg.changefileattribute >> [H:\Work\Repos\GoFish\Source\Forms\gofish_advaccedreplacehelp.SC2] lnRet = 0, dwFileAttributes_Orig = -1

	Converting file H:\Work\Repos\GoFish\Source\Forms\gofish_advaccedreplacehelp.SC2...
		- File: H:\Work\Repos\GoFish\Source\Forms\gofish_advaccedreplacehelp.SC2 (4.08/4.08 KiB)


****************************************************************************************************
CONVERSION PROCESS  2021-03-19T21:16:14
****************************************************************************************************
> USING THIS SETTINGS: H:\WORK\UTIL\THOR\THOR\TOOLS\COMPONENTS\FOXBIN2PRG\FOXBIN2PRG.CFG  => H:\Work\Repos\GoFish\Source\Lib\VFP\FFC\_frxcursor.vcx
	c_OriginalFileName:           H:\Work\Repos\GoFish\Source\Lib\VFP\FFC\_frxcursor.vcx

	c_foxbin2prg.changefileattribute >> [H:\Work\Repos\GoFish\Source\Lib\VFP\FFC\_frxcursor.VC2] lnRet = 0, dwFileAttributes_Orig = -1

	Converting file H:\Work\Repos\GoFish\Source\Lib\VFP\FFC\_frxcursor.VC2...
		- File: H:\Work\Repos\GoFish\Source\Lib\VFP\FFC\_frxcursor.VC2 (118.63/118.63 KiB)


****************************************************************************************************
CONVERSION PROCESS  2021-03-19T21:16:14
****************************************************************************************************
> USING THIS SETTINGS: H:\WORK\UTIL\THOR\THOR\TOOLS\COMPONENTS\FOXBIN2PRG\FOXBIN2PRG.CFG  => H:\Work\Repos\GoFish\Source\Forms\gofish_searchhistory.scx
	c_OriginalFileName:           H:\Work\Repos\GoFish\Source\Forms\gofish_searchhistory.scx

	c_foxbin2prg.changefileattribute >> [H:\Work\Repos\GoFish\Source\Forms\gofish_searchhistory.SC2] lnRet = 0, dwFileAttributes_Orig = -1

	Converting file H:\Work\Repos\GoFish\Source\Forms\gofish_searchhistory.SC2...
		- File: H:\Work\Repos\GoFish\Source\Forms\gofish_searchhistory.SC2 (8.21/8.21 KiB)


****************************************************************************************************
CONVERSION PROCESS  2021-03-19T21:16:14
****************************************************************************************************
> USING THIS SETTINGS: H:\WORK\UTIL\THOR\THOR\TOOLS\COMPONENTS\FOXBIN2PRG\FOXBIN2PRG.CFG  => H:\Work\Repos\GoFish\Source\Forms\gofish_filterpf.scx
	c_OriginalFileName:           H:\Work\Repos\GoFish\Source\Forms\gofish_filterpf.scx

	c_foxbin2prg.changefileattribute >> [H:\Work\Repos\GoFish\Source\Forms\gofish_filterpf.SC2] lnRet = 0, dwFileAttributes_Orig = -1

	Converting file H:\Work\Repos\GoFish\Source\Forms\gofish_filterpf.SC2...
		- File: H:\Work\Repos\GoFish\Source\Forms\gofish_filterpf.SC2 (65.15/65.15 KiB)


****************************************************************************************************
CONVERSION PROCESS  2021-03-19T21:16:14
****************************************************************************************************
> USING THIS SETTINGS: H:\WORK\UTIL\THOR\THOR\TOOLS\COMPONENTS\FOXBIN2PRG\FOXBIN2PRG.CFG  => H:\Work\Repos\GoFish\Source\Forms\gf_collection_explorer.scx
	c_OriginalFileName:           H:\Work\Repos\GoFish\Source\Forms\gf_collection_explorer.scx

	c_foxbin2prg.changefileattribute >> [H:\Work\Repos\GoFish\Source\Forms\gf_collection_explorer.SC2] lnRet = 0, dwFileAttributes_Orig = -1

	Converting file H:\Work\Repos\GoFish\Source\Forms\gf_collection_explorer.SC2...
		- File: H:\Work\Repos\GoFish\Source\Forms\gf_collection_explorer.SC2 (22.93/22.93 KiB)


****************************************************************************************************
CONVERSION PROCESS  2021-03-19T21:16:14
****************************************************************************************************
> USING THIS SETTINGS: H:\WORK\UTIL\THOR\THOR\TOOLS\COMPONENTS\FOXBIN2PRG\FOXBIN2PRG.CFG  => H:\Work\Repos\GoFish\Source\Forms\gofish_extendsearch.scx
	c_OriginalFileName:           H:\Work\Repos\GoFish\Source\Forms\gofish_extendsearch.scx

	c_foxbin2prg.changefileattribute >> [H:\Work\Repos\GoFish\Source\Forms\gofish_extendsearch.SC2] lnRet = 0, dwFileAttributes_Orig = -1

	Converting file H:\Work\Repos\GoFish\Source\Forms\gofish_extendsearch.SC2...
		- File: H:\Work\Repos\GoFish\Source\Forms\gofish_extendsearch.SC2 (14.86/14.86 KiB)


FoxBin2Prg UNLOAD  -  2021-03-19T21:16:14
****************************************************************************************************


